<?xml version="1.0" encoding="UTF-8"?>
<!-- Generated by org.testng.reporters.JUnitReportReporter -->
<testsuite skipped="0" hostname="Maghifox" name="tests.LoginTest" tests="1" failures="0" timestamp="2023-05-31T01:29:50 ICT" time="3.700" errors="0">
  <testcase name="login" time="3.700" classname="tests.LoginTest"/>
  <system-out/>
</testsuite> <!-- tests.LoginTest -->
