<?xml version="1.0" encoding="UTF-8"?>
<!-- Generated by org.testng.reporters.JUnitReportReporter -->
<testsuite skipped="0" hostname="Maghifox" name="runner.Runner" tests="1" failures="0" timestamp="2023-05-31T09:16:36 ICT" time="6.099" errors="0">
  <testcase name="runScenario" time="6.099" classname="runner.Runner"/>
  <system-out/>
</testsuite> <!-- runner.Runner -->
